18.8538 	WARNING 	User requested fullscreen with size [1024  768], but screen is actually [1920, 1080]. Using actual size
21.9216 	EXP 	Created window1 = Window(allowGUI=False, allowStencil=True, args=UNKNOWN, autoLog=True, bitsMode=UNKNOWN, blendMode='avg', color=array([0., 0., 0.]), colorSpace='rgb', fullscr=<method-wrapper '__getattribute__' of attributeSetter object at 0x000001C3B33F16D8>, gamma=None, kwargs=UNKNOWN, lms=UNKNOWN, monitor=<psychopy.monitors.calibTools.Monitor object at 0x000001C3B4D68EF0>, multiSample=False, name='window1', numSamples=2, pos=[0.0, 0.0], screen=0, size=array([1920, 1080]), stereo=False, units='height', useFBO=True, useRetina=False, viewOri=0.0, viewPos=None, viewScale=None, waitBlanking=True, winType='pyglet')
21.9217 	EXP 	window1: recordFrameIntervals = False
22.0869 	EXP 	window1: recordFrameIntervals = True
22.2704 	EXP 	window1: recordFrameIntervals = False
22.8944 	EXP 	Created introduction = TextStim(__class__=<class 'psychopy.visual.text.TextStim'>, alignHoriz='center', alignVert='center', antialias=True, autoLog=True, bold=False, color='white', colorSpace='named', contrast=1.0, depth=0.0, flipHoriz=False, flipVert=False, font='Arial', fontFiles=[], height=0.1, italic=False, languageStyle='LTR', name='introduction', opacity=1.0, ori=0, pos=array([0., 0.]), rgb=array([255., 255., 255.]), text=str(...), units='height', win=Window(...), wrapWidth=1)
22.9603 	EXP 	Created instructions = TextStim(__class__=<class 'psychopy.visual.text.TextStim'>, alignHoriz='center', alignVert='center', antialias=True, autoLog=True, bold=False, color='white', colorSpace='named', contrast=1.0, depth=0.0, flipHoriz=False, flipVert=False, font='Arial', fontFiles=[], height=0.05, italic=False, languageStyle='LTR', name='instructions', opacity=1.0, ori=0, pos=array([0., 0.]), rgb=array([255., 255., 255.]), text=str(...), units='height', win=Window(...), wrapWidth=1)
22.9726 	EXP 	Created cue = TextStim(__class__=<class 'psychopy.visual.text.TextStim'>, alignHoriz='center', alignVert='center', antialias=True, autoLog=True, bold=False, color='white', colorSpace='named', contrast=1.0, depth=0.0, flipHoriz=False, flipVert=False, font='Arial', fontFiles=[], height=0.1, italic=False, languageStyle='LTR', name='cue', opacity=1.0, ori=0, pos=array([0., 0.]), rgb=array([255., 255., 255.]), text='~~~Relax~~~', units='height', win=Window(...), wrapWidth=1)
24.0761 	EXP 	Created relaxing_image = ImageStim(__class__=<class 'psychopy.visual.image.ImageStim'>, autoLog=True, color=array([1., 1., 1.]), colorSpace='rgb', contrast=1.0, depth=0.0, flipHoriz=False, flipVert=False, image='./pics/landscape1.jpg', interpolate=True, mask=None, maskParams=None, name='relaxing_image', opacity=1.0, ori=0.0, pos=array([0., 0.]), size=array([1.7, 1. ]), texRes=128, units='height', win=Window(...))
24.1446 	EXP 	Created whereswaldo = ImageStim(__class__=<class 'psychopy.visual.image.ImageStim'>, autoLog=True, color=array([1., 1., 1.]), colorSpace='rgb', contrast=1.0, depth=0.0, flipHoriz=False, flipVert=False, image='./pics/wheres-waldo.jpg', interpolate=True, mask=None, maskParams=None, name='whereswaldo', opacity=1.0, ori=0.0, pos=array([0., 0.]), size=array([0.7, 0.5]), texRes=128, units='height', win=Window(...))
24.6092 	EXP 	Created focus_image = ImageStim(__class__=<class 'psychopy.visual.image.ImageStim'>, autoLog=True, color=array([1., 1., 1.]), colorSpace='rgb', contrast=1.0, depth=0.0, flipHoriz=False, flipVert=False, image='./pics/waldo1.png', interpolate=True, mask=None, maskParams=None, name='focus_image', opacity=1.0, ori=0.0, pos=array([0., 0.]), size=array([1.7, 1. ]), texRes=128, units='height', win=Window(...))
24.6359 	EXP 	introduction: autoDraw = True
25.1047 	DATA 	Mouse: Left button down, pos=(936,522)
25.1203 	EXP 	introduction: autoDraw = False
25.1203 	EXP 	instructions: autoDraw = True
25.3211 	DATA 	Mouse:  Left button up, pos=(936,522)
25.6550 	DATA 	Mouse: Left button down, pos=(936,522)
25.6711 	EXP 	instructions: autoDraw = False
25.6711 	EXP 	cue: autoDraw = True
25.8706 	DATA 	Mouse:  Left button up, pos=(936,522)
26.8198 	EXP 	cue: autoDraw = False
26.8198 	EXP 	relaxing_image: image = './pics/landscape2.jpg'
26.8198 	EXP 	relaxing_image: autoDraw = True
36.6871 	EXP 	relaxing_image: autoDraw = False
36.6871 	EXP 	whereswaldo: autoDraw = True
37.8800 	EXP 	whereswaldo: autoDraw = False
37.8800 	EXP 	focus_image: image = './pics/waldo1.png'
37.8800 	EXP 	focus_image: autoDraw = True
44.6869 	EXP 	focus_image: autoDraw = False
44.6869 	EXP 	cue: autoDraw = True
46.6583 	EXP 	cue: autoDraw = False
46.6583 	EXP 	relaxing_image: image = './pics/landscape1.jpg'
46.6583 	EXP 	relaxing_image: autoDraw = True
55.6875 	EXP 	relaxing_image: autoDraw = False
55.6875 	EXP 	whereswaldo: autoDraw = True
56.8198 	EXP 	whereswaldo: autoDraw = False
56.8198 	EXP 	focus_image: image = './pics/waldo2.png'
56.8198 	EXP 	focus_image: autoDraw = True
63.6874 	EXP 	focus_image: autoDraw = False
63.6874 	EXP 	cue: autoDraw = True
64.8478 	EXP 	cue: autoDraw = False
64.8478 	EXP 	relaxing_image: image = './pics/landscape3.jpg'
64.8478 	EXP 	relaxing_image: autoDraw = True
74.6875 	EXP 	relaxing_image: autoDraw = False
74.6875 	EXP 	whereswaldo: autoDraw = True
75.9156 	EXP 	whereswaldo: autoDraw = False
75.9156 	EXP 	focus_image: image = './pics/waldo3.png'
75.9156 	EXP 	focus_image: autoDraw = True
82.7390 	EXP 	window1: mouseVisible = True
