8.9489 	WARNING 	User requested fullscreen with size [1024  768], but screen is actually [1920, 1080]. Using actual size
9.8711 	EXP 	Created window1 = Window(allowGUI=False, allowStencil=True, args=UNKNOWN, autoLog=True, bitsMode=UNKNOWN, blendMode='avg', color=array([0., 0., 0.]), colorSpace='rgb', fullscr=<method-wrapper '__getattribute__' of attributeSetter object at 0x000001807812C4E0>, gamma=None, kwargs=UNKNOWN, lms=UNKNOWN, monitor=<psychopy.monitors.calibTools.Monitor object at 0x000001807A207AC8>, multiSample=False, name='window1', numSamples=2, pos=[0.0, 0.0], screen=0, size=array([1920, 1080]), stereo=False, units='height', useFBO=True, useRetina=False, viewOri=0.0, viewPos=None, viewScale=None, waitBlanking=True, winType='pyglet')
9.8712 	EXP 	window1: recordFrameIntervals = False
10.0364 	EXP 	window1: recordFrameIntervals = True
10.6854 	EXP 	window1: recordFrameIntervals = False
10.7780 	EXP 	Created introduction = TextStim(__class__=<class 'psychopy.visual.text.TextStim'>, alignHoriz='center', alignVert='center', antialias=True, autoLog=True, bold=False, color='white', colorSpace='named', contrast=1.0, depth=0.0, flipHoriz=False, flipVert=False, font='Arial', fontFiles=[], height=0.1, italic=False, languageStyle='LTR', name='introduction', opacity=1.0, ori=0, pos=array([0., 0.]), rgb=array([255., 255., 255.]), text=str(...), units='height', win=Window(...), wrapWidth=1)
10.8219 	EXP 	Created instructions = TextStim(__class__=<class 'psychopy.visual.text.TextStim'>, alignHoriz='center', alignVert='center', antialias=True, autoLog=True, bold=False, color='white', colorSpace='named', contrast=1.0, depth=0.0, flipHoriz=False, flipVert=False, font='Arial', fontFiles=[], height=0.05, italic=False, languageStyle='LTR', name='instructions', opacity=1.0, ori=0, pos=array([0., 0.]), rgb=array([255., 255., 255.]), text=str(...), units='height', win=Window(...), wrapWidth=1)
10.8317 	EXP 	Created cue = TextStim(__class__=<class 'psychopy.visual.text.TextStim'>, alignHoriz='center', alignVert='center', antialias=True, autoLog=True, bold=False, color='white', colorSpace='named', contrast=1.0, depth=0.0, flipHoriz=False, flipVert=False, font='Arial', fontFiles=[], height=0.1, italic=False, languageStyle='LTR', name='cue', opacity=1.0, ori=0, pos=array([0., 0.]), rgb=array([255., 255., 255.]), text='~~~Relax~~~', units='height', win=Window(...), wrapWidth=1)
10.8343 	EXP 	Created relaxing_image = ImageStim(__class__=<class 'psychopy.visual.image.ImageStim'>, autoLog=True, color=array([1., 1., 1.]), colorSpace='rgb', contrast=1.0, depth=0.0, flipHoriz=False, flipVert=False, image='sin', interpolate=True, mask=None, maskParams=None, name='relaxing_image', opacity=1.0, ori=0.0, pos=array([0., 0.]), size=array([1.7, 1. ]), texRes=128, units='height', win=Window(...))
10.8416 	EXP 	Created whereswaldo = ImageStim(__class__=<class 'psychopy.visual.image.ImageStim'>, autoLog=True, color=array([1., 1., 1.]), colorSpace='rgb', contrast=1.0, depth=0.0, flipHoriz=False, flipVert=False, image='wheres-waldo.jpg', interpolate=True, mask=None, maskParams=None, name='whereswaldo', opacity=1.0, ori=0.0, pos=array([0., 0.]), size=array([0.7, 0.5]), texRes=128, units='height', win=Window(...))
10.8428 	EXP 	Created focus_image = ImageStim(__class__=<class 'psychopy.visual.image.ImageStim'>, autoLog=True, color=array([1., 1., 1.]), colorSpace='rgb', contrast=1.0, depth=0.0, flipHoriz=False, flipVert=False, image='sin', interpolate=True, mask=None, maskParams=None, name='focus_image', opacity=1.0, ori=0.0, pos=array([0., 0.]), size=array([1.7, 1. ]), texRes=128, units='height', win=Window(...))
10.8477 	EXP 	introduction: autoDraw = True
11.0860 	DATA 	Mouse: Left button down, pos=(973,583)
11.1031 	EXP 	introduction: autoDraw = False
11.1031 	EXP 	instructions: autoDraw = True
11.2366 	DATA 	Mouse:  Left button up, pos=(973,583)
11.2371 	DATA 	Mouse: Left button down, pos=(973,583)
11.4535 	DATA 	Mouse:  Left button up, pos=(973,583)
11.4543 	DATA 	Mouse: Left button down, pos=(973,583)
11.6693 	DATA 	Mouse:  Left button up, pos=(973,583)
11.7880 	DATA 	Mouse: Left button down, pos=(973,583)
11.8027 	EXP 	Imported images.xlsx as conditions, 3 conditions, 2 params
11.8029 	EXP 	Created sequence: random, trialTypes=3, nReps=1, seed=None
11.8031 	EXP 	New trial (rep=0, index=0): OrderedDict([('relaxing_images', 'landscape2.jpg'), ('focus_images', 'waldo2.png')])
11.8077 	EXP 	instructions: autoDraw = False
11.8077 	EXP 	cue: autoDraw = True
11.9868 	DATA 	Mouse:  Left button up, pos=(973,583)
11.9871 	DATA 	Mouse: Left button down, pos=(973,583)
12.2026 	DATA 	Mouse:  Left button up, pos=(973,583)
13.1661 	EXP 	cue: autoDraw = False
13.1661 	EXP 	relaxing_image: image = 'landscape1.jpg'
13.1661 	EXP 	relaxing_image: autoDraw = True
22.8185 	EXP 	relaxing_image: autoDraw = False
22.8185 	EXP 	whereswaldo: autoDraw = True
23.9931 	EXP 	whereswaldo: autoDraw = False
23.9931 	EXP 	focus_image: image = 'waldo1.png'
23.9931 	EXP 	focus_image: autoDraw = True
30.8022 	EXP 	New trial (rep=0, index=1): OrderedDict([('relaxing_images', 'landscape1.jpg'), ('focus_images', 'waldo1.png')])
30.8192 	EXP 	focus_image: autoDraw = False
30.8192 	EXP 	cue: autoDraw = True
32.2649 	EXP 	cue: autoDraw = False
32.2649 	EXP 	relaxing_image: image = 'landscape1.jpg'
32.2649 	EXP 	relaxing_image: autoDraw = True
41.8170 	EXP 	relaxing_image: autoDraw = False
41.8170 	EXP 	whereswaldo: autoDraw = True
42.9655 	EXP 	whereswaldo: autoDraw = False
42.9655 	EXP 	focus_image: image = 'waldo1.png'
42.9655 	EXP 	focus_image: autoDraw = True
49.8021 	EXP 	New trial (rep=0, index=2): OrderedDict([('relaxing_images', 'landscape3.jpg'), ('focus_images', 'waldo3.png')])
49.8178 	EXP 	focus_image: autoDraw = False
49.8178 	EXP 	cue: autoDraw = True
51.1891 	EXP 	cue: autoDraw = False
51.1891 	EXP 	relaxing_image: image = 'landscape1.jpg'
51.1891 	EXP 	relaxing_image: autoDraw = True
60.8191 	EXP 	relaxing_image: autoDraw = False
60.8191 	EXP 	whereswaldo: autoDraw = True
61.9670 	EXP 	whereswaldo: autoDraw = False
61.9670 	EXP 	focus_image: image = 'waldo1.png'
61.9670 	EXP 	focus_image: autoDraw = True
68.8458 	EXP 	window1: mouseVisible = True
