254.9588 	WARNING 	User requested fullscreen with size [1024  768], but screen is actually [1920, 1080]. Using actual size
256.0557 	EXP 	Created window1 = Window(allowGUI=False, allowStencil=True, args=UNKNOWN, autoLog=True, bitsMode=UNKNOWN, blendMode='avg', color=array([0., 0., 0.]), colorSpace='rgb', fullscr=<method-wrapper '__getattribute__' of attributeSetter object at 0x000001EA34B20320>, gamma=None, kwargs=UNKNOWN, lms=UNKNOWN, monitor=<psychopy.monitors.calibTools.Monitor object at 0x000001EA3D85F048>, multiSample=False, name='window1', numSamples=2, pos=[0.0, 0.0], screen=0, size=array([1920, 1080]), stereo=False, units='height', useFBO=True, useRetina=False, viewOri=0.0, viewPos=None, viewScale=None, waitBlanking=True, winType='pyglet')
256.0558 	EXP 	window1: recordFrameIntervals = False
256.2227 	EXP 	window1: recordFrameIntervals = True
256.4063 	EXP 	window1: recordFrameIntervals = False
256.4295 	EXP 	Created introduction = TextStim(__class__=<class 'psychopy.visual.text.TextStim'>, alignHoriz='center', alignVert='center', antialias=True, autoLog=True, bold=False, color='white', colorSpace='named', contrast=1.0, depth=0.0, flipHoriz=False, flipVert=False, font='Arial', fontFiles=[], height=0.1, italic=False, languageStyle='LTR', name='introduction', opacity=1.0, ori=0, pos=array([0., 0.]), rgb=array([255., 255., 255.]), text=str(...), units='height', win=Window(...), wrapWidth=1)
256.4601 	EXP 	Created instructions = TextStim(__class__=<class 'psychopy.visual.text.TextStim'>, alignHoriz='center', alignVert='center', antialias=True, autoLog=True, bold=False, color='white', colorSpace='named', contrast=1.0, depth=0.0, flipHoriz=False, flipVert=False, font='Arial', fontFiles=[], height=0.05, italic=False, languageStyle='LTR', name='instructions', opacity=1.0, ori=0, pos=array([0., 0.]), rgb=array([255., 255., 255.]), text=str(...), units='height', win=Window(...), wrapWidth=1)
256.4650 	EXP 	Created cue = TextStim(__class__=<class 'psychopy.visual.text.TextStim'>, alignHoriz='center', alignVert='center', antialias=True, autoLog=True, bold=False, color='white', colorSpace='named', contrast=1.0, depth=0.0, flipHoriz=False, flipVert=False, font='Arial', fontFiles=[], height=0.1, italic=False, languageStyle='LTR', name='cue', opacity=1.0, ori=0, pos=array([0., 0.]), rgb=array([255., 255., 255.]), text='~~~Relax~~~', units='height', win=Window(...), wrapWidth=1)
256.4671 	EXP 	Created relaxing_image = ImageStim(__class__=<class 'psychopy.visual.image.ImageStim'>, autoLog=True, color=array([1., 1., 1.]), colorSpace='rgb', contrast=1.0, depth=0.0, flipHoriz=False, flipVert=False, image='sin', interpolate=True, mask=None, maskParams=None, name='relaxing_image', opacity=1.0, ori=0.0, pos=array([0., 0.]), size=array([1.7, 1. ]), texRes=128, units='height', win=Window(...))
256.4769 	EXP 	Created whereswaldo = ImageStim(__class__=<class 'psychopy.visual.image.ImageStim'>, autoLog=True, color=array([1., 1., 1.]), colorSpace='rgb', contrast=1.0, depth=0.0, flipHoriz=False, flipVert=False, image='wheres-waldo.jpg', interpolate=True, mask=None, maskParams=None, name='whereswaldo', opacity=1.0, ori=0.0, pos=array([0., 0.]), size=array([0.7, 0.5]), texRes=128, units='height', win=Window(...))
256.4782 	EXP 	Created focus_image = ImageStim(__class__=<class 'psychopy.visual.image.ImageStim'>, autoLog=True, color=array([1., 1., 1.]), colorSpace='rgb', contrast=1.0, depth=0.0, flipHoriz=False, flipVert=False, image='sin', interpolate=True, mask=None, maskParams=None, name='focus_image', opacity=1.0, ori=0.0, pos=array([0., 0.]), size=array([1.7, 1. ]), texRes=128, units='height', win=Window(...))
256.4832 	EXP 	introduction: autoDraw = True
259.9056 	DATA 	Mouse: Left button down, pos=(1061,321)
259.9222 	EXP 	introduction: autoDraw = False
259.9222 	EXP 	instructions: autoDraw = True
260.1221 	DATA 	Mouse:  Left button up, pos=(1061,321)
260.6070 	DATA 	Mouse: Left button down, pos=(1061,321)
260.6124 	EXP 	Imported images.xlsx as conditions, 3 conditions, 2 params
260.6126 	EXP 	Created sequence: random, trialTypes=3, nReps=1, seed=None
260.6129 	EXP 	New trial (rep=0, index=0): OrderedDict([('relaxing_images', 'landscape1.jpg'), ('focus_images', 'waldo1.png')])
260.6230 	EXP 	instructions: autoDraw = False
260.6230 	EXP 	cue: autoDraw = True
260.8238 	DATA 	Mouse:  Left button up, pos=(1061,321)
262.6254 	EXP 	cue: autoDraw = False
262.6254 	EXP 	relaxing_image: image = 'landscape1.jpg'
262.6254 	EXP 	relaxing_image: autoDraw = True
271.6231 	EXP 	relaxing_image: autoDraw = False
271.6231 	EXP 	whereswaldo: autoDraw = True
272.8087 	EXP 	whereswaldo: autoDraw = False
272.8087 	EXP 	focus_image: image = 'waldo1.png'
272.8087 	EXP 	focus_image: autoDraw = True
279.6110 	EXP 	New trial (rep=0, index=1): OrderedDict([('relaxing_images', 'landscape2.jpg'), ('focus_images', 'waldo2.png')])
279.6226 	EXP 	focus_image: autoDraw = False
279.6226 	EXP 	cue: autoDraw = True
281.0785 	EXP 	cue: autoDraw = False
281.0785 	EXP 	relaxing_image: image = 'landscape1.jpg'
281.0785 	EXP 	relaxing_image: autoDraw = True
290.6381 	EXP 	relaxing_image: autoDraw = False
290.6381 	EXP 	whereswaldo: autoDraw = True
291.7933 	EXP 	whereswaldo: autoDraw = False
291.7933 	EXP 	focus_image: image = 'waldo1.png'
291.7933 	EXP 	focus_image: autoDraw = True
298.6222 	EXP 	New trial (rep=0, index=2): OrderedDict([('relaxing_images', 'landscape3.jpg'), ('focus_images', 'waldo3.png')])
298.6386 	EXP 	focus_image: autoDraw = False
298.6386 	EXP 	cue: autoDraw = True
300.0575 	EXP 	cue: autoDraw = False
300.0575 	EXP 	relaxing_image: image = 'landscape1.jpg'
300.0575 	EXP 	relaxing_image: autoDraw = True
309.6206 	EXP 	relaxing_image: autoDraw = False
309.6206 	EXP 	whereswaldo: autoDraw = True
310.7599 	EXP 	whereswaldo: autoDraw = False
310.7599 	EXP 	focus_image: image = 'waldo1.png'
310.7599 	EXP 	focus_image: autoDraw = True
317.6688 	EXP 	window1: mouseVisible = True
