2.9218 	WARNING 	User requested fullscreen with size [1024  768], but screen is actually [1440, 900]. Using actual size
3.6002 	EXP 	Created window1 = Window(allowGUI=False, allowStencil=True, args=UNKNOWN, autoLog=True, bitsMode=UNKNOWN, blendMode='avg', color=array([0., 0., 0.]), colorSpace='rgb', fullscr=<method-wrapper '__getattribute__' of attributeSetter object at 0x13267ff400>, gamma=None, kwargs=UNKNOWN, lms=UNKNOWN, monitor=<psychopy.monitors.calibTools.Monitor object at 0x13282ca208>, multiSample=False, name='window1', numSamples=2, pos=[0.0, 0.0], screen=0, size=array([2880, 1800]), stereo=False, units='height', useFBO=True, useRetina=True, viewOri=0.0, viewPos=None, viewScale=None, waitBlanking=True, winType='pyglet')
3.6002 	EXP 	window1: recordFrameIntervals = False
3.7661 	EXP 	window1: recordFrameIntervals = True
3.9495 	EXP 	window1: recordFrameIntervals = False
4.0169 	EXP 	Created introduction = TextStim(__class__=<class 'psychopy.visual.text.TextStim'>, alignHoriz='center', alignVert='center', antialias=True, autoLog=True, bold=False, color='white', colorSpace='named', contrast=1.0, depth=0.0, flipHoriz=False, flipVert=False, font='Arial', fontFiles=[], height=0.1, italic=False, languageStyle='LTR', name='introduction', opacity=1.0, ori=0, pos=array([0., 0.]), rgb=array([255., 255., 255.]), text=str(...), units='height', win=Window(...), wrapWidth=1)
4.0508 	EXP 	Created instructions = TextStim(__class__=<class 'psychopy.visual.text.TextStim'>, alignHoriz='center', alignVert='center', antialias=True, autoLog=True, bold=False, color='white', colorSpace='named', contrast=1.0, depth=0.0, flipHoriz=False, flipVert=False, font='Arial', fontFiles=[], height=0.05, italic=False, languageStyle='LTR', name='instructions', opacity=1.0, ori=0, pos=array([0., 0.]), rgb=array([255., 255., 255.]), text=str(...), units='height', win=Window(...), wrapWidth=1)
4.0594 	EXP 	Created cue = TextStim(__class__=<class 'psychopy.visual.text.TextStim'>, alignHoriz='center', alignVert='center', antialias=True, autoLog=True, bold=False, color='white', colorSpace='named', contrast=1.0, depth=0.0, flipHoriz=False, flipVert=False, font='Arial', fontFiles=[], height=0.1, italic=False, languageStyle='LTR', name='cue', opacity=1.0, ori=0, pos=array([0., 0.]), rgb=array([255., 255., 255.]), text='~~~Relax~~~', units='height', win=Window(...), wrapWidth=1)
4.0661 	EXP 	Created relaxing_image = ImageStim(__class__=<class 'psychopy.visual.image.ImageStim'>, autoLog=True, color=array([1., 1., 1.]), colorSpace='rgb', contrast=1.0, depth=0.0, flipHoriz=False, flipVert=False, image='sin', interpolate=True, mask=None, maskParams=None, name='relaxing_image', opacity=1.0, ori=0.0, pos=array([0., 0.]), size=array([1.7, 1. ]), texRes=128, units='height', win=Window(...))
4.0840 	EXP 	Created whereswaldo = ImageStim(__class__=<class 'psychopy.visual.image.ImageStim'>, autoLog=True, color=array([1., 1., 1.]), colorSpace='rgb', contrast=1.0, depth=0.0, flipHoriz=False, flipVert=False, image='wheres-waldo.jpg', interpolate=True, mask=None, maskParams=None, name='whereswaldo', opacity=1.0, ori=0.0, pos=array([0., 0.]), size=array([0.7, 0.5]), texRes=128, units='height', win=Window(...))
4.0854 	EXP 	Created focus_image = ImageStim(__class__=<class 'psychopy.visual.image.ImageStim'>, autoLog=True, color=array([1., 1., 1.]), colorSpace='rgb', contrast=1.0, depth=0.0, flipHoriz=False, flipVert=False, image='sin', interpolate=True, mask=None, maskParams=None, name='focus_image', opacity=1.0, ori=0.0, pos=array([0., 0.]), size=array([1.7, 1. ]), texRes=128, units='height', win=Window(...))
4.1153 	EXP 	introduction: autoDraw = True
4.8201 	DATA 	Keypress: space
5.4735 	DATA 	Keypress: return
5.9894 	DATA 	Mouse: Left button down, pos=(693,587)
5.9923 	DATA 	Mouse:  Left button up, pos=(693,587)
6.0194 	EXP 	introduction: autoDraw = False
6.0194 	EXP 	instructions: autoDraw = True
6.7502 	DATA 	Mouse: Left button down, pos=(693,587)
6.7508 	DATA 	Mouse:  Left button up, pos=(693,587)
6.9513 	DATA 	Mouse: Left button down, pos=(693,587)
6.9690 	EXP 	Imported images.xlsx as conditions, 3 conditions, 2 params
6.9692 	EXP 	Created sequence: random, trialTypes=3, nReps=1, seed=None
6.9695 	EXP 	New trial (rep=0, index=0): OrderedDict([('relaxing_images', 'landscape2.jpg'), ('focus_images', 'waldo2.png')])
6.9701 	DATA 	Mouse:  Left button up, pos=(693,587)
6.9827 	EXP 	instructions: autoDraw = False
6.9827 	EXP 	cue: autoDraw = True
7.1508 	DATA 	Mouse: Left button down, pos=(693,587)
7.1525 	DATA 	Mouse:  Left button up, pos=(693,587)
8.0183 	EXP 	cue: autoDraw = False
8.0183 	EXP 	relaxing_image: image = 'landscape2.jpg'
8.0183 	EXP 	relaxing_image: autoDraw = True
17.9833 	EXP 	relaxing_image: autoDraw = False
17.9833 	EXP 	whereswaldo: autoDraw = True
19.0162 	EXP 	whereswaldo: autoDraw = False
19.0162 	EXP 	focus_image: image = 'waldo2.png'
19.0162 	EXP 	focus_image: autoDraw = True
25.9685 	EXP 	New trial (rep=0, index=1): OrderedDict([('relaxing_images', 'landscape1.jpg'), ('focus_images', 'waldo1.png')])
25.9848 	EXP 	focus_image: autoDraw = False
25.9848 	EXP 	cue: autoDraw = True
27.3271 	EXP 	cue: autoDraw = False
27.3271 	EXP 	relaxing_image: image = 'landscape1.jpg'
27.3271 	EXP 	relaxing_image: autoDraw = True
36.9700 	EXP 	relaxing_image: autoDraw = False
36.9700 	EXP 	whereswaldo: autoDraw = True
38.1364 	EXP 	whereswaldo: autoDraw = False
38.1364 	EXP 	focus_image: image = 'waldo1.png'
38.1364 	EXP 	focus_image: autoDraw = True
44.9556 	EXP 	New trial (rep=0, index=2): OrderedDict([('relaxing_images', 'landscape3.jpg'), ('focus_images', 'waldo3.png')])
44.9715 	EXP 	focus_image: autoDraw = False
44.9715 	EXP 	cue: autoDraw = True
46.0396 	EXP 	cue: autoDraw = False
46.0396 	EXP 	relaxing_image: image = 'landscape3.jpg'
46.0396 	EXP 	relaxing_image: autoDraw = True
55.9736 	EXP 	relaxing_image: autoDraw = False
55.9736 	EXP 	whereswaldo: autoDraw = True
57.0849 	EXP 	whereswaldo: autoDraw = False
57.0849 	EXP 	focus_image: image = 'waldo3.png'
57.0849 	EXP 	focus_image: autoDraw = True
64.2376 	EXP 	window1: mouseVisible = True
