8.0810 	WARNING 	User requested fullscreen with size [1024  768], but screen is actually [1920, 1080]. Using actual size
8.9290 	EXP 	Created window1 = Window(allowGUI=False, allowStencil=True, args=UNKNOWN, autoLog=True, bitsMode=UNKNOWN, blendMode='avg', color=array([0., 0., 0.]), colorSpace='rgb', fullscr=<method-wrapper '__getattribute__' of attributeSetter object at 0x000002817B61F710>, gamma=None, kwargs=UNKNOWN, lms=UNKNOWN, monitor=<psychopy.monitors.calibTools.Monitor object at 0x000002817D719D30>, multiSample=False, name='window1', numSamples=2, pos=[0.0, 0.0], screen=0, size=array([1920, 1080]), stereo=False, units='height', useFBO=True, useRetina=False, viewOri=0.0, viewPos=None, viewScale=None, waitBlanking=True, winType='pyglet')
8.9290 	EXP 	window1: recordFrameIntervals = False
9.0958 	EXP 	window1: recordFrameIntervals = True
9.2801 	EXP 	window1: recordFrameIntervals = False
9.3724 	EXP 	Created introduction = TextStim(__class__=<class 'psychopy.visual.text.TextStim'>, alignHoriz='center', alignVert='center', antialias=True, autoLog=True, bold=False, color='white', colorSpace='named', contrast=1.0, depth=0.0, flipHoriz=False, flipVert=False, font='Arial', fontFiles=[], height=0.1, italic=False, languageStyle='LTR', name='introduction', opacity=1.0, ori=0, pos=array([0., 0.]), rgb=array([255., 255., 255.]), text=str(...), units='height', win=Window(...), wrapWidth=1)
9.4251 	EXP 	Created instructions = TextStim(__class__=<class 'psychopy.visual.text.TextStim'>, alignHoriz='center', alignVert='center', antialias=True, autoLog=True, bold=False, color='white', colorSpace='named', contrast=1.0, depth=0.0, flipHoriz=False, flipVert=False, font='Arial', fontFiles=[], height=0.05, italic=False, languageStyle='LTR', name='instructions', opacity=1.0, ori=0, pos=array([0., 0.]), rgb=array([255., 255., 255.]), text=str(...), units='height', win=Window(...), wrapWidth=1)
9.4356 	EXP 	Created cue = TextStim(__class__=<class 'psychopy.visual.text.TextStim'>, alignHoriz='center', alignVert='center', antialias=True, autoLog=True, bold=False, color='white', colorSpace='named', contrast=1.0, depth=0.0, flipHoriz=False, flipVert=False, font='Arial', fontFiles=[], height=0.1, italic=False, languageStyle='LTR', name='cue', opacity=1.0, ori=0, pos=array([0., 0.]), rgb=array([255., 255., 255.]), text='~~~Relax~~~', units='height', win=Window(...), wrapWidth=1)
9.4395 	EXP 	Created relaxing_image = ImageStim(__class__=<class 'psychopy.visual.image.ImageStim'>, autoLog=True, color=array([1., 1., 1.]), colorSpace='rgb', contrast=1.0, depth=0.0, flipHoriz=False, flipVert=False, image='sin', interpolate=True, mask=None, maskParams=None, name='relaxing_image', opacity=1.0, ori=0.0, pos=array([0., 0.]), size=array([1.7, 1. ]), texRes=128, units='height', win=Window(...))
9.4472 	EXP 	Created whereswaldo = ImageStim(__class__=<class 'psychopy.visual.image.ImageStim'>, autoLog=True, color=array([1., 1., 1.]), colorSpace='rgb', contrast=1.0, depth=0.0, flipHoriz=False, flipVert=False, image='wheres-waldo.jpg', interpolate=True, mask=None, maskParams=None, name='whereswaldo', opacity=1.0, ori=0.0, pos=array([0., 0.]), size=array([0.7, 0.5]), texRes=128, units='height', win=Window(...))
9.4488 	EXP 	Created focus_image = ImageStim(__class__=<class 'psychopy.visual.image.ImageStim'>, autoLog=True, color=array([1., 1., 1.]), colorSpace='rgb', contrast=1.0, depth=0.0, flipHoriz=False, flipVert=False, image='sin', interpolate=True, mask=None, maskParams=None, name='focus_image', opacity=1.0, ori=0.0, pos=array([0., 0.]), size=array([1.7, 1. ]), texRes=128, units='height', win=Window(...))
9.4578 	EXP 	introduction: autoDraw = True
10.0462 	DATA 	Mouse: Left button down, pos=(906,896)
10.0651 	EXP 	introduction: autoDraw = False
10.0651 	EXP 	instructions: autoDraw = True
10.2662 	DATA 	Mouse:  Left button up, pos=(906,896)
10.5126 	DATA 	Mouse: Left button down, pos=(906,896)
10.5286 	EXP 	Imported images.xlsx as conditions, 3 conditions, 2 params
10.5288 	EXP 	Created sequence: random, trialTypes=3, nReps=1, seed=None
10.5291 	EXP 	New trial (rep=0, index=0): OrderedDict([('relaxing_images', 'landscape1.jpg'), ('focus_images', 'waldo1.png')])
10.5336 	EXP 	instructions: autoDraw = False
10.5336 	EXP 	cue: autoDraw = True
10.7287 	DATA 	Mouse:  Left button up, pos=(906,896)
11.9350 	EXP 	cue: autoDraw = False
11.9350 	EXP 	relaxing_image: image = 'landscape1.jpg'
11.9350 	EXP 	relaxing_image: autoDraw = True
21.5446 	EXP 	relaxing_image: autoDraw = False
21.5446 	EXP 	whereswaldo: autoDraw = True
22.7690 	EXP 	whereswaldo: autoDraw = False
22.7690 	EXP 	focus_image: image = 'waldo1.png'
22.7690 	EXP 	focus_image: autoDraw = True
29.5281 	EXP 	New trial (rep=0, index=1): OrderedDict([('relaxing_images', 'landscape2.jpg'), ('focus_images', 'waldo2.png')])
29.5456 	EXP 	focus_image: autoDraw = False
29.5456 	EXP 	cue: autoDraw = True
30.8480 	EXP 	cue: autoDraw = False
30.8480 	EXP 	relaxing_image: image = 'landscape1.jpg'
30.8480 	EXP 	relaxing_image: autoDraw = True
40.5444 	EXP 	relaxing_image: autoDraw = False
40.5444 	EXP 	whereswaldo: autoDraw = True
41.6985 	EXP 	whereswaldo: autoDraw = False
41.6985 	EXP 	focus_image: image = 'waldo1.png'
41.6985 	EXP 	focus_image: autoDraw = True
48.5281 	EXP 	New trial (rep=0, index=2): OrderedDict([('relaxing_images', 'landscape3.jpg'), ('focus_images', 'waldo3.png')])
48.5448 	EXP 	focus_image: autoDraw = False
48.5448 	EXP 	cue: autoDraw = True
49.8905 	EXP 	cue: autoDraw = False
49.8905 	EXP 	relaxing_image: image = 'landscape1.jpg'
49.8905 	EXP 	relaxing_image: autoDraw = True
59.5291 	EXP 	relaxing_image: autoDraw = False
59.5291 	EXP 	whereswaldo: autoDraw = True
60.6928 	EXP 	whereswaldo: autoDraw = False
60.6928 	EXP 	focus_image: image = 'waldo1.png'
60.6928 	EXP 	focus_image: autoDraw = True
67.5970 	EXP 	window1: mouseVisible = True
