3755.2039 	WARNING 	User requested fullscreen with size [1024  768], but screen is actually [1920, 1080]. Using actual size
3758.6243 	EXP 	Created window1 = Window(allowGUI=False, allowStencil=True, args=UNKNOWN, autoLog=True, bitsMode=UNKNOWN, blendMode='avg', color=array([0., 0., 0.]), colorSpace='rgb', fullscr=<method-wrapper '__getattribute__' of attributeSetter object at 0x000001F81B2C3A58>, gamma=None, kwargs=UNKNOWN, lms=UNKNOWN, monitor=<psychopy.monitors.calibTools.Monitor object at 0x000001F81D450438>, multiSample=False, name='window1', numSamples=2, pos=[0.0, 0.0], screen=0, size=array([1920, 1080]), stereo=False, units='height', useFBO=True, useRetina=False, viewOri=0.0, viewPos=None, viewScale=None, waitBlanking=True, winType='pyglet')
3758.6243 	EXP 	window1: recordFrameIntervals = False
3758.7856 	EXP 	window1: recordFrameIntervals = True
3758.9689 	EXP 	window1: recordFrameIntervals = False
3759.4815 	EXP 	Created introduction = TextStim(__class__=<class 'psychopy.visual.text.TextStim'>, alignHoriz='center', alignVert='center', antialias=True, autoLog=True, bold=False, color='white', colorSpace='named', contrast=1.0, depth=0.0, flipHoriz=False, flipVert=False, font='Arial', fontFiles=[], height=0.1, italic=False, languageStyle='LTR', name='introduction', opacity=1.0, ori=0, pos=array([0., 0.]), rgb=array([255., 255., 255.]), text=str(...), units='height', win=Window(...), wrapWidth=1)
3759.5460 	EXP 	Created instructions = TextStim(__class__=<class 'psychopy.visual.text.TextStim'>, alignHoriz='center', alignVert='center', antialias=True, autoLog=True, bold=False, color='white', colorSpace='named', contrast=1.0, depth=0.0, flipHoriz=False, flipVert=False, font='Arial', fontFiles=[], height=0.05, italic=False, languageStyle='LTR', name='instructions', opacity=1.0, ori=0, pos=array([0., 0.]), rgb=array([255., 255., 255.]), text=str(...), units='height', win=Window(...), wrapWidth=1)
3759.5592 	EXP 	Created cue = TextStim(__class__=<class 'psychopy.visual.text.TextStim'>, alignHoriz='center', alignVert='center', antialias=True, autoLog=True, bold=False, color='white', colorSpace='named', contrast=1.0, depth=0.0, flipHoriz=False, flipVert=False, font='Arial', fontFiles=[], height=0.1, italic=False, languageStyle='LTR', name='cue', opacity=1.0, ori=0, pos=array([0., 0.]), rgb=array([255., 255., 255.]), text='~~~Relax~~~', units='height', win=Window(...), wrapWidth=1)
3759.7912 	EXP 	Created relaxing_image = ImageStim(__class__=<class 'psychopy.visual.image.ImageStim'>, autoLog=True, color=array([1., 1., 1.]), colorSpace='rgb', contrast=1.0, depth=0.0, flipHoriz=False, flipVert=False, image='sin', interpolate=True, mask=None, maskParams=None, name='relaxing_image', opacity=1.0, ori=0.0, pos=array([0., 0.]), size=array([1.7, 1. ]), texRes=128, units='height', win=Window(...))
3759.8474 	EXP 	Created whereswaldo = ImageStim(__class__=<class 'psychopy.visual.image.ImageStim'>, autoLog=True, color=array([1., 1., 1.]), colorSpace='rgb', contrast=1.0, depth=0.0, flipHoriz=False, flipVert=False, image='wheres-waldo.jpg', interpolate=True, mask=None, maskParams=None, name='whereswaldo', opacity=1.0, ori=0.0, pos=array([0., 0.]), size=array([0.7, 0.5]), texRes=128, units='height', win=Window(...))
3759.8490 	EXP 	Created focus_image = ImageStim(__class__=<class 'psychopy.visual.image.ImageStim'>, autoLog=True, color=array([1., 1., 1.]), colorSpace='rgb', contrast=1.0, depth=0.0, flipHoriz=False, flipVert=False, image='sin', interpolate=True, mask=None, maskParams=None, name='focus_image', opacity=1.0, ori=0.0, pos=array([0., 0.]), size=array([1.7, 1. ]), texRes=128, units='height', win=Window(...))
3759.8707 	EXP 	introduction: autoDraw = True
3763.9861 	DATA 	Mouse: Left button down, pos=(852,486)
3764.0017 	EXP 	introduction: autoDraw = False
3764.0017 	EXP 	instructions: autoDraw = True
3764.2020 	DATA 	Mouse:  Left button up, pos=(852,486)
3793.2362 	DATA 	Mouse: Left button down, pos=(649,631)
3793.4575 	EXP 	Imported images.xlsx as conditions, 3 conditions, 2 params
3793.4594 	EXP 	Created sequence: random, trialTypes=3, nReps=1, seed=None
3793.4601 	EXP 	New trial (rep=0, index=0): OrderedDict([('relaxing_images', 'landscape2.jpg'), ('focus_images', 'waldo2.png')])
3793.4606 	DATA 	Mouse:  Left button up, pos=(649,631)
3793.4661 	EXP 	instructions: autoDraw = False
3793.4661 	EXP 	cue: autoDraw = True
3795.3954 	EXP 	cue: autoDraw = False
3795.3954 	EXP 	relaxing_image: image = 'landscape1.jpg'
3795.3954 	EXP 	relaxing_image: autoDraw = True
3804.2685 	EXP 	relaxing_image: autoDraw = False
3804.2685 	EXP 	whereswaldo: autoDraw = True
3805.6626 	EXP 	whereswaldo: autoDraw = False
3805.6626 	EXP 	focus_image: image = 'waldo1.png'
3805.6626 	EXP 	focus_image: autoDraw = True
3812.2541 	EXP 	New trial (rep=0, index=1): OrderedDict([('relaxing_images', 'landscape3.jpg'), ('focus_images', 'waldo3.png')])
3812.2702 	EXP 	focus_image: autoDraw = False
3812.2702 	EXP 	cue: autoDraw = True
3813.8542 	EXP 	cue: autoDraw = False
3813.8542 	EXP 	relaxing_image: image = 'landscape1.jpg'
3813.8542 	EXP 	relaxing_image: autoDraw = True
3823.2694 	EXP 	relaxing_image: autoDraw = False
3823.2694 	EXP 	whereswaldo: autoDraw = True
3824.4462 	EXP 	whereswaldo: autoDraw = False
3824.4462 	EXP 	focus_image: image = 'waldo1.png'
3824.4462 	EXP 	focus_image: autoDraw = True
3831.2542 	EXP 	New trial (rep=0, index=2): OrderedDict([('relaxing_images', 'landscape1.jpg'), ('focus_images', 'waldo1.png')])
3831.2710 	EXP 	focus_image: autoDraw = False
3831.2710 	EXP 	cue: autoDraw = True
3832.8667 	EXP 	cue: autoDraw = False
3832.8667 	EXP 	relaxing_image: image = 'landscape1.jpg'
3832.8667 	EXP 	relaxing_image: autoDraw = True
3842.2695 	EXP 	relaxing_image: autoDraw = False
3842.2695 	EXP 	whereswaldo: autoDraw = True
3843.4551 	EXP 	whereswaldo: autoDraw = False
3843.4551 	EXP 	focus_image: image = 'waldo1.png'
3843.4551 	EXP 	focus_image: autoDraw = True
3850.2879 	EXP 	window1: mouseVisible = True
